2023-12-29 02:56:56.995 [info] Extension host with pid 74939 started
2023-12-29 02:56:56.996 [info] Skipping acquiring lock for /home/arfaj/Documents/laravel/toko_online_crm/User/workspaceStorage/70642511e8f87a73a8973b5c853dfecc.
2023-12-29 02:56:57.419 [info] ExtensionService#_doActivateExtension vscode.emmet, startup: false, activationEvent: 'onLanguage'
2023-12-29 02:56:57.449 [info] ExtensionService#_doActivateExtension vscode.php-language-features, startup: false, activationEvent: 'onLanguage:php'
2023-12-29 02:56:57.940 [info] ExtensionService#_doActivateExtension vscode.git-base, startup: true, activationEvent: '*', root cause: vscode.git
2023-12-29 02:56:57.944 [info] ExtensionService#_doActivateExtension vscode.npm, startup: true, activationEvent: 'workspaceContains:package.json'
2023-12-29 02:56:58.102 [info] ExtensionService#_doActivateExtension vscode.git, startup: true, activationEvent: '*'
2023-12-29 02:56:58.191 [info] ExtensionService#_doActivateExtension vscode.github, startup: true, activationEvent: '*'
2023-12-29 02:56:58.890 [warning] [Decorations] CAPPING events from decorations provider vscode.git 383
2023-12-29 02:56:58.969 [info] Eager extensions activated
2023-12-29 02:56:59.190 [info] ExtensionService#_doActivateExtension vscode.debug-auto-launch, startup: false, activationEvent: 'onStartupFinished'
2023-12-29 02:56:59.207 [info] ExtensionService#_doActivateExtension vscode.merge-conflict, startup: false, activationEvent: 'onStartupFinished'
2023-12-29 02:56:59.252 [info] ExtensionService#_doActivateExtension vscode.github-authentication, startup: false, activationEvent: 'onAuthenticationRequest:github'
2023-12-29 02:56:59.382 [warning] [Decorations] CAPPING events from decorations provider vscode.git 386
2023-12-29 02:57:05.993 [warning] [Decorations] CAPPING events from decorations provider vscode.git 389
2023-12-29 02:57:11.043 [warning] [Decorations] CAPPING events from decorations provider vscode.git 389
2023-12-29 02:57:16.082 [warning] [Decorations] CAPPING events from decorations provider vscode.git 389
2023-12-29 02:57:21.122 [warning] [Decorations] CAPPING events from decorations provider vscode.git 389
2023-12-29 02:57:26.171 [warning] [Decorations] CAPPING events from decorations provider vscode.git 389
2023-12-29 02:57:31.212 [warning] [Decorations] CAPPING events from decorations provider vscode.git 389
2023-12-29 02:57:36.280 [warning] [Decorations] CAPPING events from decorations provider vscode.git 389
2023-12-29 02:57:41.333 [warning] [Decorations] CAPPING events from decorations provider vscode.git 389
2023-12-29 02:57:46.373 [warning] [Decorations] CAPPING events from decorations provider vscode.git 389
2023-12-29 02:57:51.430 [warning] [Decorations] CAPPING events from decorations provider vscode.git 389
2023-12-29 02:57:56.488 [warning] [Decorations] CAPPING events from decorations provider vscode.git 389
2023-12-29 02:58:51.399 [warning] [Decorations] CAPPING events from decorations provider vscode.git 389
2023-12-29 02:58:56.448 [warning] [Decorations] CAPPING events from decorations provider vscode.git 389
2023-12-29 02:59:16.233 [warning] [Decorations] CAPPING events from decorations provider vscode.git 389
2023-12-29 02:59:21.280 [warning] [Decorations] CAPPING events from decorations provider vscode.git 390
2023-12-29 03:03:13.849 [warning] [Decorations] CAPPING events from decorations provider vscode.git 392
2023-12-29 03:03:18.893 [warning] [Decorations] CAPPING events from decorations provider vscode.git 391
2023-12-29 03:03:23.933 [warning] [Decorations] CAPPING events from decorations provider vscode.git 391
2023-12-29 03:03:28.990 [warning] [Decorations] CAPPING events from decorations provider vscode.git 391
2023-12-29 03:03:34.032 [warning] [Decorations] CAPPING events from decorations provider vscode.git 392
2023-12-29 03:03:46.795 [warning] [Decorations] CAPPING events from decorations provider vscode.git 392
2023-12-29 03:03:51.839 [warning] [Decorations] CAPPING events from decorations provider vscode.git 392
2023-12-29 03:03:56.876 [warning] [Decorations] CAPPING events from decorations provider vscode.git 392
2023-12-29 03:04:01.942 [warning] [Decorations] CAPPING events from decorations provider vscode.git 392
2023-12-29 03:04:06.981 [warning] [Decorations] CAPPING events from decorations provider vscode.git 392
2023-12-29 03:04:12.017 [warning] [Decorations] CAPPING events from decorations provider vscode.git 392
2023-12-29 03:06:14.846 [warning] [Decorations] CAPPING events from decorations provider vscode.git 394
2023-12-29 03:06:25.568 [warning] [Decorations] CAPPING events from decorations provider vscode.git 393
2023-12-29 03:14:51.299 [warning] [Decorations] CAPPING events from decorations provider vscode.git 393
2023-12-29 03:14:56.334 [warning] [Decorations] CAPPING events from decorations provider vscode.git 393
2023-12-29 03:15:01.408 [warning] [Decorations] CAPPING events from decorations provider vscode.git 393
2023-12-29 03:15:16.185 [warning] [Decorations] CAPPING events from decorations provider vscode.git 393
2023-12-29 03:15:50.457 [warning] [Decorations] CAPPING events from decorations provider vscode.git 393
2023-12-29 03:15:55.501 [warning] [Decorations] CAPPING events from decorations provider vscode.git 393
2023-12-29 03:16:06.286 [warning] [Decorations] CAPPING events from decorations provider vscode.git 394
2023-12-29 03:16:11.343 [warning] [Decorations] CAPPING events from decorations provider vscode.git 394
2023-12-29 03:16:16.384 [warning] [Decorations] CAPPING events from decorations provider vscode.git 394
2023-12-29 03:16:21.420 [warning] [Decorations] CAPPING events from decorations provider vscode.git 394
2023-12-29 03:19:19.219 [warning] [Decorations] CAPPING events from decorations provider vscode.git 395
2023-12-29 03:19:24.259 [warning] [Decorations] CAPPING events from decorations provider vscode.git 394
2023-12-29 03:19:29.298 [warning] [Decorations] CAPPING events from decorations provider vscode.git 395
2023-12-29 03:19:34.352 [warning] [Decorations] CAPPING events from decorations provider vscode.git 395
2023-12-29 03:19:39.390 [warning] [Decorations] CAPPING events from decorations provider vscode.git 396
2023-12-29 03:19:44.428 [warning] [Decorations] CAPPING events from decorations provider vscode.git 395
2023-12-29 03:20:06.328 [warning] [Decorations] CAPPING events from decorations provider vscode.git 395
2023-12-29 03:20:11.393 [warning] [Decorations] CAPPING events from decorations provider vscode.git 395
2023-12-29 03:21:24.424 [warning] [Decorations] CAPPING events from decorations provider vscode.git 396
2023-12-29 03:21:29.471 [warning] [Decorations] CAPPING events from decorations provider vscode.git 395
2023-12-29 03:21:34.517 [warning] [Decorations] CAPPING events from decorations provider vscode.git 395
2023-12-29 03:21:39.560 [warning] [Decorations] CAPPING events from decorations provider vscode.git 395
2023-12-29 03:21:44.602 [warning] [Decorations] CAPPING events from decorations provider vscode.git 395
2023-12-29 03:21:49.651 [warning] [Decorations] CAPPING events from decorations provider vscode.git 395
2023-12-29 03:21:54.697 [warning] [Decorations] CAPPING events from decorations provider vscode.git 395
2023-12-29 03:21:59.736 [warning] [Decorations] CAPPING events from decorations provider vscode.git 395
2023-12-29 03:22:04.777 [warning] [Decorations] CAPPING events from decorations provider vscode.git 395
2023-12-29 03:22:09.822 [warning] [Decorations] CAPPING events from decorations provider vscode.git 396
2023-12-29 03:22:16.935 [warning] [Decorations] CAPPING events from decorations provider vscode.git 396
2023-12-29 03:22:30.872 [warning] [Decorations] CAPPING events from decorations provider vscode.git 396
2023-12-29 03:22:35.909 [warning] [Decorations] CAPPING events from decorations provider vscode.git 396
2023-12-29 03:22:40.950 [warning] [Decorations] CAPPING events from decorations provider vscode.git 396
2023-12-29 03:22:45.992 [warning] [Decorations] CAPPING events from decorations provider vscode.git 396
2023-12-29 03:22:51.032 [warning] [Decorations] CAPPING events from decorations provider vscode.git 396
2023-12-29 03:22:56.081 [warning] [Decorations] CAPPING events from decorations provider vscode.git 396
2023-12-29 03:23:01.118 [warning] [Decorations] CAPPING events from decorations provider vscode.git 397
2023-12-29 03:25:09.166 [warning] [Decorations] CAPPING events from decorations provider vscode.git 396
2023-12-29 03:25:14.206 [warning] [Decorations] CAPPING events from decorations provider vscode.git 396
2023-12-29 03:25:19.248 [warning] [Decorations] CAPPING events from decorations provider vscode.git 397
2023-12-29 03:25:24.285 [warning] [Decorations] CAPPING events from decorations provider vscode.git 397
2023-12-29 03:25:29.334 [warning] [Decorations] CAPPING events from decorations provider vscode.git 397
2023-12-29 03:25:34.372 [warning] [Decorations] CAPPING events from decorations provider vscode.git 397
2023-12-29 03:25:39.413 [warning] [Decorations] CAPPING events from decorations provider vscode.git 397
2023-12-29 03:25:44.450 [warning] [Decorations] CAPPING events from decorations provider vscode.git 397
2023-12-29 03:25:49.489 [warning] [Decorations] CAPPING events from decorations provider vscode.git 397
2023-12-29 03:25:54.565 [warning] [Decorations] CAPPING events from decorations provider vscode.git 397
2023-12-29 03:26:40.160 [warning] [Decorations] CAPPING events from decorations provider vscode.git 398
2023-12-29 03:26:45.197 [warning] [Decorations] CAPPING events from decorations provider vscode.git 398
2023-12-29 03:26:50.233 [warning] [Decorations] CAPPING events from decorations provider vscode.git 398
2023-12-29 03:26:55.270 [warning] [Decorations] CAPPING events from decorations provider vscode.git 398
2023-12-29 03:27:00.308 [warning] [Decorations] CAPPING events from decorations provider vscode.git 398
2023-12-29 03:27:05.366 [warning] [Decorations] CAPPING events from decorations provider vscode.git 398
2023-12-29 03:27:52.434 [warning] [Decorations] CAPPING events from decorations provider vscode.git 398
2023-12-29 03:27:57.495 [warning] [Decorations] CAPPING events from decorations provider vscode.git 398
2023-12-29 03:28:02.551 [warning] [Decorations] CAPPING events from decorations provider vscode.git 398
2023-12-29 03:28:07.593 [warning] [Decorations] CAPPING events from decorations provider vscode.git 398
2023-12-29 03:28:12.637 [warning] [Decorations] CAPPING events from decorations provider vscode.git 398
2023-12-29 03:28:17.675 [warning] [Decorations] CAPPING events from decorations provider vscode.git 398
2023-12-29 03:28:22.712 [warning] [Decorations] CAPPING events from decorations provider vscode.git 399
2023-12-29 03:28:27.773 [warning] [Decorations] CAPPING events from decorations provider vscode.git 399
2023-12-29 03:28:32.811 [warning] [Decorations] CAPPING events from decorations provider vscode.git 399
2023-12-29 03:28:52.441 [warning] [Decorations] CAPPING events from decorations provider vscode.git 400
2023-12-29 03:28:57.532 [warning] [Decorations] CAPPING events from decorations provider vscode.git 399
2023-12-29 03:29:02.570 [warning] [Decorations] CAPPING events from decorations provider vscode.git 399
2023-12-29 03:29:13.628 [warning] [Decorations] CAPPING events from decorations provider vscode.git 399
2023-12-29 03:29:18.681 [warning] [Decorations] CAPPING events from decorations provider vscode.git 399
2023-12-29 03:29:23.740 [warning] [Decorations] CAPPING events from decorations provider vscode.git 399
2023-12-29 03:29:28.776 [warning] [Decorations] CAPPING events from decorations provider vscode.git 399
2023-12-29 03:29:33.822 [warning] [Decorations] CAPPING events from decorations provider vscode.git 399
2023-12-29 03:29:43.628 [warning] [Decorations] CAPPING events from decorations provider vscode.git 399
2023-12-29 03:29:48.665 [warning] [Decorations] CAPPING events from decorations provider vscode.git 399
2023-12-29 03:29:53.706 [warning] [Decorations] CAPPING events from decorations provider vscode.git 399
2023-12-29 03:29:58.744 [warning] [Decorations] CAPPING events from decorations provider vscode.git 399
2023-12-29 03:30:03.782 [warning] [Decorations] CAPPING events from decorations provider vscode.git 399
2023-12-29 03:30:08.828 [warning] [Decorations] CAPPING events from decorations provider vscode.git 399
2023-12-29 03:30:13.877 [warning] [Decorations] CAPPING events from decorations provider vscode.git 399
2023-12-29 03:30:18.914 [warning] [Decorations] CAPPING events from decorations provider vscode.git 399
2023-12-29 03:30:23.955 [warning] [Decorations] CAPPING events from decorations provider vscode.git 399
2023-12-29 03:30:32.093 [warning] [Decorations] CAPPING events from decorations provider vscode.git 400
2023-12-29 03:30:37.130 [warning] [Decorations] CAPPING events from decorations provider vscode.git 400
2023-12-29 03:30:42.166 [warning] [Decorations] CAPPING events from decorations provider vscode.git 400
2023-12-29 03:30:47.202 [warning] [Decorations] CAPPING events from decorations provider vscode.git 401
2023-12-29 03:30:52.240 [warning] [Decorations] CAPPING events from decorations provider vscode.git 401
2023-12-29 03:30:57.276 [warning] [Decorations] CAPPING events from decorations provider vscode.git 401
2023-12-29 03:31:02.317 [warning] [Decorations] CAPPING events from decorations provider vscode.git 401
2023-12-29 03:31:07.355 [warning] [Decorations] CAPPING events from decorations provider vscode.git 401
2023-12-29 03:31:12.400 [warning] [Decorations] CAPPING events from decorations provider vscode.git 401
2023-12-29 03:31:17.438 [warning] [Decorations] CAPPING events from decorations provider vscode.git 401
2023-12-29 03:31:22.525 [warning] [Decorations] CAPPING events from decorations provider vscode.git 402
2023-12-29 03:31:35.759 [warning] [Decorations] CAPPING events from decorations provider vscode.git 401
2023-12-29 03:31:40.798 [warning] [Decorations] CAPPING events from decorations provider vscode.git 402
2023-12-29 03:31:45.846 [warning] [Decorations] CAPPING events from decorations provider vscode.git 402
2023-12-29 03:31:50.884 [warning] [Decorations] CAPPING events from decorations provider vscode.git 402
2023-12-29 03:31:55.927 [warning] [Decorations] CAPPING events from decorations provider vscode.git 402
2023-12-29 03:32:00.970 [warning] [Decorations] CAPPING events from decorations provider vscode.git 402
2023-12-29 03:32:06.006 [warning] [Decorations] CAPPING events from decorations provider vscode.git 402
2023-12-29 03:32:11.048 [warning] [Decorations] CAPPING events from decorations provider vscode.git 402
2023-12-29 03:32:16.086 [warning] [Decorations] CAPPING events from decorations provider vscode.git 402
2023-12-29 03:32:21.127 [warning] [Decorations] CAPPING events from decorations provider vscode.git 402
2023-12-29 03:32:26.168 [warning] [Decorations] CAPPING events from decorations provider vscode.git 402
2023-12-29 03:32:31.220 [warning] [Decorations] CAPPING events from decorations provider vscode.git 402
2023-12-29 03:32:36.267 [warning] [Decorations] CAPPING events from decorations provider vscode.git 402
2023-12-29 03:32:41.308 [warning] [Decorations] CAPPING events from decorations provider vscode.git 402
2023-12-29 03:32:46.346 [warning] [Decorations] CAPPING events from decorations provider vscode.git 402
2023-12-29 03:32:51.382 [warning] [Decorations] CAPPING events from decorations provider vscode.git 402
2023-12-29 03:32:56.420 [warning] [Decorations] CAPPING events from decorations provider vscode.git 402
2023-12-29 03:33:01.461 [warning] [Decorations] CAPPING events from decorations provider vscode.git 402
2023-12-29 03:33:06.504 [warning] [Decorations] CAPPING events from decorations provider vscode.git 402
2023-12-29 03:33:11.540 [warning] [Decorations] CAPPING events from decorations provider vscode.git 402
2023-12-29 03:33:16.585 [warning] [Decorations] CAPPING events from decorations provider vscode.git 402
2023-12-29 03:33:37.011 [warning] [Decorations] CAPPING events from decorations provider vscode.git 402
2023-12-29 03:33:42.067 [warning] [Decorations] CAPPING events from decorations provider vscode.git 400
2023-12-29 03:33:47.103 [warning] [Decorations] CAPPING events from decorations provider vscode.git 400
2023-12-29 03:33:52.145 [warning] [Decorations] CAPPING events from decorations provider vscode.git 400
2023-12-29 03:33:57.193 [warning] [Decorations] CAPPING events from decorations provider vscode.git 400
2023-12-29 03:34:04.191 [warning] [Decorations] CAPPING events from decorations provider vscode.git 400
2023-12-29 03:34:09.245 [warning] [Decorations] CAPPING events from decorations provider vscode.git 400
2023-12-29 03:34:14.288 [warning] [Decorations] CAPPING events from decorations provider vscode.git 400
2023-12-29 03:34:19.325 [warning] [Decorations] CAPPING events from decorations provider vscode.git 400
2023-12-29 03:34:24.365 [warning] [Decorations] CAPPING events from decorations provider vscode.git 400
2023-12-29 03:34:29.411 [warning] [Decorations] CAPPING events from decorations provider vscode.git 400
2023-12-29 03:34:34.449 [warning] [Decorations] CAPPING events from decorations provider vscode.git 401
2023-12-29 03:34:39.492 [warning] [Decorations] CAPPING events from decorations provider vscode.git 400
2023-12-29 03:34:44.540 [warning] [Decorations] CAPPING events from decorations provider vscode.git 400
2023-12-29 03:34:49.576 [warning] [Decorations] CAPPING events from decorations provider vscode.git 400
2023-12-29 03:34:54.616 [warning] [Decorations] CAPPING events from decorations provider vscode.git 400
2023-12-29 03:34:59.660 [warning] [Decorations] CAPPING events from decorations provider vscode.git 400
2023-12-29 03:35:04.712 [warning] [Decorations] CAPPING events from decorations provider vscode.git 400
2023-12-29 03:35:17.095 [warning] [Decorations] CAPPING events from decorations provider vscode.git 400
2023-12-29 03:35:22.132 [warning] [Decorations] CAPPING events from decorations provider vscode.git 400
2023-12-29 03:35:27.168 [warning] [Decorations] CAPPING events from decorations provider vscode.git 400
2023-12-29 03:35:32.206 [warning] [Decorations] CAPPING events from decorations provider vscode.git 400
2023-12-29 03:35:37.242 [warning] [Decorations] CAPPING events from decorations provider vscode.git 400
2023-12-29 03:35:42.280 [warning] [Decorations] CAPPING events from decorations provider vscode.git 400
2023-12-29 03:35:47.319 [warning] [Decorations] CAPPING events from decorations provider vscode.git 400
2023-12-29 03:35:52.359 [warning] [Decorations] CAPPING events from decorations provider vscode.git 400
2023-12-29 03:35:57.397 [warning] [Decorations] CAPPING events from decorations provider vscode.git 400
2023-12-29 03:36:02.472 [warning] [Decorations] CAPPING events from decorations provider vscode.git 400
2023-12-29 03:36:07.511 [warning] [Decorations] CAPPING events from decorations provider vscode.git 400
2023-12-29 03:36:12.549 [warning] [Decorations] CAPPING events from decorations provider vscode.git 400
2023-12-29 03:36:17.588 [warning] [Decorations] CAPPING events from decorations provider vscode.git 400
2023-12-29 03:36:22.629 [warning] [Decorations] CAPPING events from decorations provider vscode.git 400
2023-12-29 03:36:27.669 [warning] [Decorations] CAPPING events from decorations provider vscode.git 400
2023-12-29 03:36:32.707 [warning] [Decorations] CAPPING events from decorations provider vscode.git 400
2023-12-29 03:37:01.915 [warning] [Decorations] CAPPING events from decorations provider vscode.git 400
2023-12-29 03:37:06.958 [warning] [Decorations] CAPPING events from decorations provider vscode.git 400
2023-12-29 03:37:11.996 [warning] [Decorations] CAPPING events from decorations provider vscode.git 400
2023-12-29 03:37:17.033 [warning] [Decorations] CAPPING events from decorations provider vscode.git 400
2023-12-29 03:37:22.078 [warning] [Decorations] CAPPING events from decorations provider vscode.git 400
2023-12-29 03:37:27.126 [warning] [Decorations] CAPPING events from decorations provider vscode.git 400
2023-12-29 03:37:32.163 [warning] [Decorations] CAPPING events from decorations provider vscode.git 400
2023-12-29 03:37:37.200 [warning] [Decorations] CAPPING events from decorations provider vscode.git 400
2023-12-29 03:37:42.237 [warning] [Decorations] CAPPING events from decorations provider vscode.git 400
2023-12-29 03:37:47.273 [warning] [Decorations] CAPPING events from decorations provider vscode.git 401
2023-12-29 03:37:52.329 [warning] [Decorations] CAPPING events from decorations provider vscode.git 401
2023-12-29 03:37:57.374 [warning] [Decorations] CAPPING events from decorations provider vscode.git 401
2023-12-29 03:38:02.410 [warning] [Decorations] CAPPING events from decorations provider vscode.git 401
2023-12-29 03:38:07.450 [warning] [Decorations] CAPPING events from decorations provider vscode.git 401
2023-12-29 03:38:12.490 [warning] [Decorations] CAPPING events from decorations provider vscode.git 401
2023-12-29 03:38:17.526 [warning] [Decorations] CAPPING events from decorations provider vscode.git 401
2023-12-29 03:38:22.585 [warning] [Decorations] CAPPING events from decorations provider vscode.git 401
2023-12-29 03:38:27.625 [warning] [Decorations] CAPPING events from decorations provider vscode.git 401
2023-12-29 03:38:32.664 [warning] [Decorations] CAPPING events from decorations provider vscode.git 401
2023-12-29 03:38:37.703 [warning] [Decorations] CAPPING events from decorations provider vscode.git 401
2023-12-29 03:38:42.743 [warning] [Decorations] CAPPING events from decorations provider vscode.git 400
2023-12-29 03:38:47.781 [warning] [Decorations] CAPPING events from decorations provider vscode.git 400
2023-12-29 03:38:52.834 [warning] [Decorations] CAPPING events from decorations provider vscode.git 400
2023-12-29 03:38:57.874 [warning] [Decorations] CAPPING events from decorations provider vscode.git 400
2023-12-29 03:39:02.914 [warning] [Decorations] CAPPING events from decorations provider vscode.git 400
2023-12-29 03:39:07.952 [warning] [Decorations] CAPPING events from decorations provider vscode.git 400
2023-12-29 03:39:12.991 [warning] [Decorations] CAPPING events from decorations provider vscode.git 400
2023-12-29 03:39:18.058 [warning] [Decorations] CAPPING events from decorations provider vscode.git 400
2023-12-29 03:39:59.151 [warning] [Decorations] CAPPING events from decorations provider vscode.git 401
2023-12-29 03:40:04.201 [warning] [Decorations] CAPPING events from decorations provider vscode.git 400
2023-12-29 03:40:09.257 [warning] [Decorations] CAPPING events from decorations provider vscode.git 400
2023-12-29 03:40:14.295 [warning] [Decorations] CAPPING events from decorations provider vscode.git 400
2023-12-29 03:40:19.332 [warning] [Decorations] CAPPING events from decorations provider vscode.git 400
2023-12-29 03:40:24.370 [warning] [Decorations] CAPPING events from decorations provider vscode.git 400
2023-12-29 03:40:29.405 [warning] [Decorations] CAPPING events from decorations provider vscode.git 400
2023-12-29 03:40:34.448 [warning] [Decorations] CAPPING events from decorations provider vscode.git 400
2023-12-29 03:40:39.504 [warning] [Decorations] CAPPING events from decorations provider vscode.git 400
2023-12-29 03:40:44.541 [warning] [Decorations] CAPPING events from decorations provider vscode.git 400
2023-12-29 03:40:49.579 [warning] [Decorations] CAPPING events from decorations provider vscode.git 400
2023-12-29 03:40:54.616 [warning] [Decorations] CAPPING events from decorations provider vscode.git 400
2023-12-29 03:40:59.653 [warning] [Decorations] CAPPING events from decorations provider vscode.git 400
2023-12-29 03:41:04.691 [warning] [Decorations] CAPPING events from decorations provider vscode.git 400
2023-12-29 03:41:09.730 [warning] [Decorations] CAPPING events from decorations provider vscode.git 400
2023-12-29 03:41:14.805 [warning] [Decorations] CAPPING events from decorations provider vscode.git 401
2023-12-29 03:41:19.849 [warning] [Decorations] CAPPING events from decorations provider vscode.git 401
2023-12-29 03:41:24.890 [warning] [Decorations] CAPPING events from decorations provider vscode.git 401
2023-12-29 03:41:29.933 [warning] [Decorations] CAPPING events from decorations provider vscode.git 401
2023-12-29 03:41:34.979 [warning] [Decorations] CAPPING events from decorations provider vscode.git 401
2023-12-29 03:41:40.021 [warning] [Decorations] CAPPING events from decorations provider vscode.git 401
2023-12-29 03:41:45.062 [warning] [Decorations] CAPPING events from decorations provider vscode.git 401
2023-12-29 03:41:50.107 [warning] [Decorations] CAPPING events from decorations provider vscode.git 401
2023-12-29 03:41:58.634 [warning] [Decorations] CAPPING events from decorations provider vscode.git 401
2023-12-29 03:42:03.678 [warning] [Decorations] CAPPING events from decorations provider vscode.git 401
2023-12-29 03:42:08.718 [warning] [Decorations] CAPPING events from decorations provider vscode.git 401
2023-12-29 03:42:13.795 [warning] [Decorations] CAPPING events from decorations provider vscode.git 401
2023-12-29 03:42:18.838 [warning] [Decorations] CAPPING events from decorations provider vscode.git 401
2023-12-29 03:42:23.881 [warning] [Decorations] CAPPING events from decorations provider vscode.git 401
2023-12-29 03:42:32.753 [warning] [Decorations] CAPPING events from decorations provider vscode.git 401
2023-12-29 03:42:37.794 [warning] [Decorations] CAPPING events from decorations provider vscode.git 401
2023-12-29 03:42:42.842 [warning] [Decorations] CAPPING events from decorations provider vscode.git 401
2023-12-29 03:42:47.881 [warning] [Decorations] CAPPING events from decorations provider vscode.git 401
2023-12-29 03:42:52.926 [warning] [Decorations] CAPPING events from decorations provider vscode.git 401
2023-12-29 03:42:57.979 [warning] [Decorations] CAPPING events from decorations provider vscode.git 401
2023-12-29 03:43:03.025 [warning] [Decorations] CAPPING events from decorations provider vscode.git 401
2023-12-29 03:43:08.074 [warning] [Decorations] CAPPING events from decorations provider vscode.git 401
2023-12-29 03:43:13.111 [warning] [Decorations] CAPPING events from decorations provider vscode.git 401
2023-12-29 03:43:18.149 [warning] [Decorations] CAPPING events from decorations provider vscode.git 401
2023-12-29 03:43:23.186 [warning] [Decorations] CAPPING events from decorations provider vscode.git 401
2023-12-29 03:43:28.223 [warning] [Decorations] CAPPING events from decorations provider vscode.git 401
2023-12-29 03:43:33.268 [warning] [Decorations] CAPPING events from decorations provider vscode.git 401
2023-12-29 03:43:38.305 [warning] [Decorations] CAPPING events from decorations provider vscode.git 401
2023-12-29 03:43:43.346 [warning] [Decorations] CAPPING events from decorations provider vscode.git 400
2023-12-29 03:43:48.396 [warning] [Decorations] CAPPING events from decorations provider vscode.git 400
2023-12-29 03:43:53.432 [warning] [Decorations] CAPPING events from decorations provider vscode.git 400
2023-12-29 03:43:58.481 [warning] [Decorations] CAPPING events from decorations provider vscode.git 400
2023-12-29 03:44:03.520 [warning] [Decorations] CAPPING events from decorations provider vscode.git 400
2023-12-29 03:44:08.562 [warning] [Decorations] CAPPING events from decorations provider vscode.git 400
2023-12-29 03:44:13.609 [warning] [Decorations] CAPPING events from decorations provider vscode.git 400
2023-12-29 03:44:18.653 [warning] [Decorations] CAPPING events from decorations provider vscode.git 400
2023-12-29 03:44:23.692 [warning] [Decorations] CAPPING events from decorations provider vscode.git 400
2023-12-29 03:44:28.729 [warning] [Decorations] CAPPING events from decorations provider vscode.git 400
2023-12-29 03:44:33.768 [warning] [Decorations] CAPPING events from decorations provider vscode.git 400
2023-12-29 03:44:38.804 [warning] [Decorations] CAPPING events from decorations provider vscode.git 400
2023-12-29 03:44:43.857 [warning] [Decorations] CAPPING events from decorations provider vscode.git 400
2023-12-29 03:44:48.931 [warning] [Decorations] CAPPING events from decorations provider vscode.git 400
2023-12-29 03:44:53.971 [warning] [Decorations] CAPPING events from decorations provider vscode.git 400
2023-12-29 03:44:59.009 [warning] [Decorations] CAPPING events from decorations provider vscode.git 400
2023-12-29 03:45:04.047 [warning] [Decorations] CAPPING events from decorations provider vscode.git 400
2023-12-29 03:45:09.085 [warning] [Decorations] CAPPING events from decorations provider vscode.git 400
2023-12-29 03:45:14.126 [warning] [Decorations] CAPPING events from decorations provider vscode.git 400
2023-12-29 03:45:19.167 [warning] [Decorations] CAPPING events from decorations provider vscode.git 400
2023-12-29 03:45:24.213 [warning] [Decorations] CAPPING events from decorations provider vscode.git 400
2023-12-29 03:45:29.251 [warning] [Decorations] CAPPING events from decorations provider vscode.git 400
2023-12-29 03:45:34.292 [warning] [Decorations] CAPPING events from decorations provider vscode.git 400
2023-12-29 03:45:39.332 [warning] [Decorations] CAPPING events from decorations provider vscode.git 400
2023-12-29 03:45:44.376 [warning] [Decorations] CAPPING events from decorations provider vscode.git 400
2023-12-29 03:45:49.414 [warning] [Decorations] CAPPING events from decorations provider vscode.git 400
2023-12-29 03:45:56.735 [warning] [Decorations] CAPPING events from decorations provider vscode.git 400
2023-12-29 03:46:01.773 [warning] [Decorations] CAPPING events from decorations provider vscode.git 400
2023-12-29 03:46:06.811 [warning] [Decorations] CAPPING events from decorations provider vscode.git 400
2023-12-29 03:46:11.872 [warning] [Decorations] CAPPING events from decorations provider vscode.git 400
2023-12-29 03:46:16.926 [warning] [Decorations] CAPPING events from decorations provider vscode.git 400
2023-12-29 03:46:21.971 [warning] [Decorations] CAPPING events from decorations provider vscode.git 400
2023-12-29 03:46:27.017 [warning] [Decorations] CAPPING events from decorations provider vscode.git 400
2023-12-29 03:46:32.059 [warning] [Decorations] CAPPING events from decorations provider vscode.git 400
2023-12-29 03:46:37.108 [warning] [Decorations] CAPPING events from decorations provider vscode.git 400
2023-12-29 03:46:42.153 [warning] [Decorations] CAPPING events from decorations provider vscode.git 400
2023-12-29 03:46:47.191 [warning] [Decorations] CAPPING events from decorations provider vscode.git 400
2023-12-29 03:46:52.238 [warning] [Decorations] CAPPING events from decorations provider vscode.git 400
2023-12-29 03:46:58.379 [warning] [Decorations] CAPPING events from decorations provider vscode.git 400
2023-12-29 03:47:03.415 [warning] [Decorations] CAPPING events from decorations provider vscode.git 400
2023-12-29 03:47:08.461 [warning] [Decorations] CAPPING events from decorations provider vscode.git 400
2023-12-29 03:47:13.508 [warning] [Decorations] CAPPING events from decorations provider vscode.git 400
2023-12-29 03:47:18.548 [warning] [Decorations] CAPPING events from decorations provider vscode.git 400
2023-12-29 03:47:23.598 [warning] [Decorations] CAPPING events from decorations provider vscode.git 400
2023-12-29 03:47:28.634 [warning] [Decorations] CAPPING events from decorations provider vscode.git 400
2023-12-29 03:47:33.670 [warning] [Decorations] CAPPING events from decorations provider vscode.git 400
2023-12-29 03:47:38.707 [warning] [Decorations] CAPPING events from decorations provider vscode.git 400
2023-12-29 03:47:43.763 [warning] [Decorations] CAPPING events from decorations provider vscode.git 400
2023-12-29 03:47:48.803 [warning] [Decorations] CAPPING events from decorations provider vscode.git 400
2023-12-29 03:47:53.840 [warning] [Decorations] CAPPING events from decorations provider vscode.git 400
2023-12-29 03:47:58.885 [warning] [Decorations] CAPPING events from decorations provider vscode.git 400
2023-12-29 03:48:03.930 [warning] [Decorations] CAPPING events from decorations provider vscode.git 400
2023-12-29 03:48:09.022 [warning] [Decorations] CAPPING events from decorations provider vscode.git 400
2023-12-29 03:48:14.094 [warning] [Decorations] CAPPING events from decorations provider vscode.git 400
2023-12-29 03:48:19.130 [warning] [Decorations] CAPPING events from decorations provider vscode.git 400
2023-12-29 03:48:24.169 [warning] [Decorations] CAPPING events from decorations provider vscode.git 400
2023-12-29 03:48:29.209 [warning] [Decorations] CAPPING events from decorations provider vscode.git 400
2023-12-29 03:48:34.247 [warning] [Decorations] CAPPING events from decorations provider vscode.git 400
2023-12-29 03:48:39.283 [warning] [Decorations] CAPPING events from decorations provider vscode.git 400
2023-12-29 03:48:44.319 [warning] [Decorations] CAPPING events from decorations provider vscode.git 400
2023-12-29 03:48:49.355 [warning] [Decorations] CAPPING events from decorations provider vscode.git 400
2023-12-29 03:48:54.397 [warning] [Decorations] CAPPING events from decorations provider vscode.git 400
2023-12-29 03:48:59.437 [warning] [Decorations] CAPPING events from decorations provider vscode.git 400
2023-12-29 03:49:04.483 [warning] [Decorations] CAPPING events from decorations provider vscode.git 400
2023-12-29 03:49:09.536 [warning] [Decorations] CAPPING events from decorations provider vscode.git 400
2023-12-29 03:49:14.631 [warning] [Decorations] CAPPING events from decorations provider vscode.git 400
2023-12-29 03:49:19.671 [warning] [Decorations] CAPPING events from decorations provider vscode.git 400
2023-12-29 03:49:24.711 [warning] [Decorations] CAPPING events from decorations provider vscode.git 400
2023-12-29 03:49:29.751 [warning] [Decorations] CAPPING events from decorations provider vscode.git 400
2023-12-29 03:49:34.788 [warning] [Decorations] CAPPING events from decorations provider vscode.git 400
2023-12-29 03:49:39.826 [warning] [Decorations] CAPPING events from decorations provider vscode.git 400
2023-12-29 03:49:44.874 [warning] [Decorations] CAPPING events from decorations provider vscode.git 400
2023-12-29 03:49:49.921 [warning] [Decorations] CAPPING events from decorations provider vscode.git 400
2023-12-29 03:49:54.969 [warning] [Decorations] CAPPING events from decorations provider vscode.git 400
2023-12-29 03:50:00.028 [warning] [Decorations] CAPPING events from decorations provider vscode.git 401
2023-12-29 03:50:05.071 [warning] [Decorations] CAPPING events from decorations provider vscode.git 400
2023-12-29 03:50:10.109 [warning] [Decorations] CAPPING events from decorations provider vscode.git 400
2023-12-29 03:50:15.147 [warning] [Decorations] CAPPING events from decorations provider vscode.git 400
2023-12-29 03:50:20.185 [warning] [Decorations] CAPPING events from decorations provider vscode.git 400
2023-12-29 03:50:25.269 [warning] [Decorations] CAPPING events from decorations provider vscode.git 401
2023-12-29 03:50:30.312 [warning] [Decorations] CAPPING events from decorations provider vscode.git 401
2023-12-29 03:50:36.577 [warning] [Decorations] CAPPING events from decorations provider vscode.git 401
2023-12-29 03:50:41.615 [warning] [Decorations] CAPPING events from decorations provider vscode.git 401
2023-12-29 03:50:46.654 [warning] [Decorations] CAPPING events from decorations provider vscode.git 401
2023-12-29 03:51:04.593 [warning] [Decorations] CAPPING events from decorations provider vscode.git 402
2023-12-29 03:51:09.645 [warning] [Decorations] CAPPING events from decorations provider vscode.git 401
2023-12-29 03:51:14.689 [warning] [Decorations] CAPPING events from decorations provider vscode.git 401
2023-12-29 03:51:19.725 [warning] [Decorations] CAPPING events from decorations provider vscode.git 401
2023-12-29 03:51:24.765 [warning] [Decorations] CAPPING events from decorations provider vscode.git 401
2023-12-29 03:51:30.967 [warning] [Decorations] CAPPING events from decorations provider vscode.git 401
2023-12-29 03:51:36.012 [warning] [Decorations] CAPPING events from decorations provider vscode.git 401
2023-12-29 03:51:41.058 [warning] [Decorations] CAPPING events from decorations provider vscode.git 401
2023-12-29 03:51:46.095 [warning] [Decorations] CAPPING events from decorations provider vscode.git 401
2023-12-29 03:51:51.142 [warning] [Decorations] CAPPING events from decorations provider vscode.git 401
2023-12-29 03:51:56.180 [warning] [Decorations] CAPPING events from decorations provider vscode.git 401
2023-12-29 03:52:01.276 [warning] [Decorations] CAPPING events from decorations provider vscode.git 401
2023-12-29 03:52:06.314 [warning] [Decorations] CAPPING events from decorations provider vscode.git 402
2023-12-29 03:52:11.352 [warning] [Decorations] CAPPING events from decorations provider vscode.git 402
2023-12-29 03:52:16.387 [warning] [Decorations] CAPPING events from decorations provider vscode.git 402
2023-12-29 03:52:42.493 [warning] [Decorations] CAPPING events from decorations provider vscode.git 403
2023-12-29 03:53:18.839 [warning] [Decorations] CAPPING events from decorations provider vscode.git 402
2023-12-29 03:53:23.903 [warning] [Decorations] CAPPING events from decorations provider vscode.git 402
2023-12-29 03:53:28.951 [warning] [Decorations] CAPPING events from decorations provider vscode.git 402
2023-12-29 03:53:33.999 [warning] [Decorations] CAPPING events from decorations provider vscode.git 402
2023-12-29 03:53:39.049 [warning] [Decorations] CAPPING events from decorations provider vscode.git 402
2023-12-29 03:53:44.138 [warning] [Decorations] CAPPING events from decorations provider vscode.git 402
2023-12-29 03:53:49.189 [warning] [Decorations] CAPPING events from decorations provider vscode.git 402
2023-12-29 03:53:54.241 [warning] [Decorations] CAPPING events from decorations provider vscode.git 402
2023-12-29 03:53:59.300 [warning] [Decorations] CAPPING events from decorations provider vscode.git 402
2023-12-29 03:54:04.344 [warning] [Decorations] CAPPING events from decorations provider vscode.git 402
2023-12-29 03:54:09.382 [warning] [Decorations] CAPPING events from decorations provider vscode.git 402
2023-12-29 03:54:14.424 [warning] [Decorations] CAPPING events from decorations provider vscode.git 403
2023-12-29 03:54:19.462 [warning] [Decorations] CAPPING events from decorations provider vscode.git 403
2023-12-29 03:54:24.512 [warning] [Decorations] CAPPING events from decorations provider vscode.git 403
2023-12-29 03:54:29.549 [warning] [Decorations] CAPPING events from decorations provider vscode.git 403
2023-12-29 03:54:34.609 [warning] [Decorations] CAPPING events from decorations provider vscode.git 403
2023-12-29 03:54:39.654 [warning] [Decorations] CAPPING events from decorations provider vscode.git 403
2023-12-29 03:54:44.716 [warning] [Decorations] CAPPING events from decorations provider vscode.git 403
2023-12-29 03:54:49.759 [warning] [Decorations] CAPPING events from decorations provider vscode.git 403
2023-12-29 03:54:54.813 [warning] [Decorations] CAPPING events from decorations provider vscode.git 403
2023-12-29 03:54:59.864 [warning] [Decorations] CAPPING events from decorations provider vscode.git 403
2023-12-29 03:55:04.963 [warning] [Decorations] CAPPING events from decorations provider vscode.git 402
2023-12-29 03:55:10.032 [warning] [Decorations] CAPPING events from decorations provider vscode.git 402
2023-12-29 03:55:15.086 [warning] [Decorations] CAPPING events from decorations provider vscode.git 402
2023-12-29 03:55:20.165 [warning] [Decorations] CAPPING events from decorations provider vscode.git 402
2023-12-29 03:55:25.224 [warning] [Decorations] CAPPING events from decorations provider vscode.git 402
2023-12-29 03:55:30.335 [warning] [Decorations] CAPPING events from decorations provider vscode.git 403
2023-12-29 03:55:47.217 [warning] [Decorations] CAPPING events from decorations provider vscode.git 402
2023-12-29 03:55:52.258 [warning] [Decorations] CAPPING events from decorations provider vscode.git 402
2023-12-29 03:55:57.308 [warning] [Decorations] CAPPING events from decorations provider vscode.git 402
2023-12-29 03:56:02.349 [warning] [Decorations] CAPPING events from decorations provider vscode.git 402
2023-12-29 03:56:07.388 [warning] [Decorations] CAPPING events from decorations provider vscode.git 402
2023-12-29 03:56:12.425 [warning] [Decorations] CAPPING events from decorations provider vscode.git 402
2023-12-29 03:56:17.474 [warning] [Decorations] CAPPING events from decorations provider vscode.git 402
2023-12-29 03:56:22.513 [warning] [Decorations] CAPPING events from decorations provider vscode.git 402
2023-12-29 03:56:27.550 [warning] [Decorations] CAPPING events from decorations provider vscode.git 402
2023-12-29 03:56:32.589 [warning] [Decorations] CAPPING events from decorations provider vscode.git 402
2023-12-29 03:56:37.625 [warning] [Decorations] CAPPING events from decorations provider vscode.git 403
2023-12-29 03:56:42.661 [warning] [Decorations] CAPPING events from decorations provider vscode.git 403
2023-12-29 03:56:47.699 [warning] [Decorations] CAPPING events from decorations provider vscode.git 403
2023-12-29 03:56:52.736 [warning] [Decorations] CAPPING events from decorations provider vscode.git 403
2023-12-29 03:56:57.773 [warning] [Decorations] CAPPING events from decorations provider vscode.git 403
2023-12-29 03:57:02.809 [warning] [Decorations] CAPPING events from decorations provider vscode.git 403
2023-12-29 03:57:07.877 [warning] [Decorations] CAPPING events from decorations provider vscode.git 404
2023-12-29 03:58:10.921 [warning] [Decorations] CAPPING events from decorations provider vscode.git 403
2023-12-29 03:58:15.957 [warning] [Decorations] CAPPING events from decorations provider vscode.git 403
2023-12-29 03:58:21.000 [warning] [Decorations] CAPPING events from decorations provider vscode.git 403
2023-12-29 03:58:26.048 [warning] [Decorations] CAPPING events from decorations provider vscode.git 403
2023-12-29 03:58:31.084 [warning] [Decorations] CAPPING events from decorations provider vscode.git 403
2023-12-29 03:58:36.150 [warning] [Decorations] CAPPING events from decorations provider vscode.git 403
2023-12-29 03:58:41.188 [warning] [Decorations] CAPPING events from decorations provider vscode.git 404
2023-12-29 03:58:46.226 [warning] [Decorations] CAPPING events from decorations provider vscode.git 404
2023-12-29 03:58:51.263 [warning] [Decorations] CAPPING events from decorations provider vscode.git 405
2023-12-29 03:58:56.304 [warning] [Decorations] CAPPING events from decorations provider vscode.git 404
2023-12-29 03:59:01.349 [warning] [Decorations] CAPPING events from decorations provider vscode.git 404
2023-12-29 03:59:06.388 [warning] [Decorations] CAPPING events from decorations provider vscode.git 404
2023-12-29 03:59:15.272 [warning] [Decorations] CAPPING events from decorations provider vscode.git 404
2023-12-29 04:00:03.327 [warning] [Decorations] CAPPING events from decorations provider vscode.git 404
2023-12-29 04:00:08.368 [warning] [Decorations] CAPPING events from decorations provider vscode.git 401
2023-12-29 04:00:13.427 [warning] [Decorations] CAPPING events from decorations provider vscode.git 401
2023-12-29 04:00:18.465 [warning] [Decorations] CAPPING events from decorations provider vscode.git 401
2023-12-29 04:00:23.506 [warning] [Decorations] CAPPING events from decorations provider vscode.git 402
2023-12-29 04:00:28.565 [warning] [Decorations] CAPPING events from decorations provider vscode.git 402
2023-12-29 04:00:33.604 [warning] [Decorations] CAPPING events from decorations provider vscode.git 402
2023-12-29 04:00:38.660 [warning] [Decorations] CAPPING events from decorations provider vscode.git 402
2023-12-29 04:00:43.698 [warning] [Decorations] CAPPING events from decorations provider vscode.git 402
2023-12-29 04:00:48.743 [warning] [Decorations] CAPPING events from decorations provider vscode.git 402
2023-12-29 04:00:53.792 [warning] [Decorations] CAPPING events from decorations provider vscode.git 402
2023-12-29 04:00:58.840 [warning] [Decorations] CAPPING events from decorations provider vscode.git 402
2023-12-29 04:01:03.877 [warning] [Decorations] CAPPING events from decorations provider vscode.git 402
2023-12-29 04:01:08.913 [warning] [Decorations] CAPPING events from decorations provider vscode.git 402
2023-12-29 04:01:13.963 [warning] [Decorations] CAPPING events from decorations provider vscode.git 402
2023-12-29 04:01:19.000 [warning] [Decorations] CAPPING events from decorations provider vscode.git 402
2023-12-29 04:01:24.037 [warning] [Decorations] CAPPING events from decorations provider vscode.git 402
2023-12-29 04:01:29.077 [warning] [Decorations] CAPPING events from decorations provider vscode.git 402
2023-12-29 04:01:34.115 [warning] [Decorations] CAPPING events from decorations provider vscode.git 402
2023-12-29 04:01:39.168 [warning] [Decorations] CAPPING events from decorations provider vscode.git 403
2023-12-29 04:01:44.204 [warning] [Decorations] CAPPING events from decorations provider vscode.git 402
2023-12-29 04:01:49.246 [warning] [Decorations] CAPPING events from decorations provider vscode.git 402
2023-12-29 04:01:54.303 [warning] [Decorations] CAPPING events from decorations provider vscode.git 403
2023-12-29 04:01:59.340 [warning] [Decorations] CAPPING events from decorations provider vscode.git 403
2023-12-29 04:02:04.412 [warning] [Decorations] CAPPING events from decorations provider vscode.git 403
2023-12-29 04:02:09.454 [warning] [Decorations] CAPPING events from decorations provider vscode.git 403
2023-12-29 04:02:14.491 [warning] [Decorations] CAPPING events from decorations provider vscode.git 403
2023-12-29 04:02:19.527 [warning] [Decorations] CAPPING events from decorations provider vscode.git 403
2023-12-29 04:02:24.583 [warning] [Decorations] CAPPING events from decorations provider vscode.git 404
2023-12-29 04:02:29.629 [warning] [Decorations] CAPPING events from decorations provider vscode.git 404
2023-12-29 04:02:34.667 [warning] [Decorations] CAPPING events from decorations provider vscode.git 403
2023-12-29 04:02:39.724 [warning] [Decorations] CAPPING events from decorations provider vscode.git 403
2023-12-29 04:02:44.766 [warning] [Decorations] CAPPING events from decorations provider vscode.git 403
2023-12-29 04:02:49.814 [warning] [Decorations] CAPPING events from decorations provider vscode.git 403
2023-12-29 04:02:54.860 [warning] [Decorations] CAPPING events from decorations provider vscode.git 403
2023-12-29 04:02:59.911 [warning] [Decorations] CAPPING events from decorations provider vscode.git 403
2023-12-29 04:03:04.955 [warning] [Decorations] CAPPING events from decorations provider vscode.git 404
2023-12-29 04:03:33.261 [warning] [Decorations] CAPPING events from decorations provider vscode.git 403
2023-12-29 04:03:38.301 [warning] [Decorations] CAPPING events from decorations provider vscode.git 404
2023-12-29 04:03:43.351 [warning] [Decorations] CAPPING events from decorations provider vscode.git 404
2023-12-29 04:03:48.387 [warning] [Decorations] CAPPING events from decorations provider vscode.git 404
2023-12-29 04:03:53.426 [warning] [Decorations] CAPPING events from decorations provider vscode.git 404
2023-12-29 04:03:58.462 [warning] [Decorations] CAPPING events from decorations provider vscode.git 404
2023-12-29 04:04:03.514 [warning] [Decorations] CAPPING events from decorations provider vscode.git 404
2023-12-29 04:04:08.560 [warning] [Decorations] CAPPING events from decorations provider vscode.git 404
2023-12-29 04:04:13.638 [warning] [Decorations] CAPPING events from decorations provider vscode.git 405
2023-12-29 04:04:36.509 [warning] [Decorations] CAPPING events from decorations provider vscode.git 404
2023-12-29 04:04:41.567 [warning] [Decorations] CAPPING events from decorations provider vscode.git 404
2023-12-29 04:04:46.608 [warning] [Decorations] CAPPING events from decorations provider vscode.git 404
2023-12-29 04:04:51.644 [warning] [Decorations] CAPPING events from decorations provider vscode.git 405
2023-12-29 04:05:11.232 [warning] [Decorations] CAPPING events from decorations provider vscode.git 405
2023-12-29 04:05:16.274 [warning] [Decorations] CAPPING events from decorations provider vscode.git 402
2023-12-29 04:05:21.316 [warning] [Decorations] CAPPING events from decorations provider vscode.git 402
2023-12-29 04:05:26.366 [warning] [Decorations] CAPPING events from decorations provider vscode.git 402
2023-12-29 04:05:31.411 [warning] [Decorations] CAPPING events from decorations provider vscode.git 402
2023-12-29 04:05:36.445 [warning] [Decorations] CAPPING events from decorations provider vscode.git 402
2023-12-29 04:05:41.483 [warning] [Decorations] CAPPING events from decorations provider vscode.git 402
2023-12-29 04:05:46.524 [warning] [Decorations] CAPPING events from decorations provider vscode.git 402
2023-12-29 04:05:51.560 [warning] [Decorations] CAPPING events from decorations provider vscode.git 402
2023-12-29 04:05:56.601 [warning] [Decorations] CAPPING events from decorations provider vscode.git 402
2023-12-29 04:06:01.646 [warning] [Decorations] CAPPING events from decorations provider vscode.git 402
2023-12-29 04:06:06.686 [warning] [Decorations] CAPPING events from decorations provider vscode.git 402
2023-12-29 04:06:11.725 [warning] [Decorations] CAPPING events from decorations provider vscode.git 402
2023-12-29 04:06:16.763 [warning] [Decorations] CAPPING events from decorations provider vscode.git 402
2023-12-29 04:06:21.801 [warning] [Decorations] CAPPING events from decorations provider vscode.git 402
2023-12-29 04:06:26.864 [warning] [Decorations] CAPPING events from decorations provider vscode.git 402
2023-12-29 04:06:31.926 [warning] [Decorations] CAPPING events from decorations provider vscode.git 402
2023-12-29 04:06:36.969 [warning] [Decorations] CAPPING events from decorations provider vscode.git 402
2023-12-29 04:06:42.463 [warning] [Decorations] CAPPING events from decorations provider vscode.git 403
2023-12-29 04:07:32.855 [warning] [Decorations] CAPPING events from decorations provider vscode.git 402
2023-12-29 04:07:37.896 [warning] [Decorations] CAPPING events from decorations provider vscode.git 403
2023-12-29 04:07:42.947 [warning] [Decorations] CAPPING events from decorations provider vscode.git 403
2023-12-29 04:07:48.009 [warning] [Decorations] CAPPING events from decorations provider vscode.git 403
2023-12-29 04:07:53.054 [warning] [Decorations] CAPPING events from decorations provider vscode.git 403
2023-12-29 04:07:58.116 [warning] [Decorations] CAPPING events from decorations provider vscode.git 403
2023-12-29 04:08:03.152 [warning] [Decorations] CAPPING events from decorations provider vscode.git 403
2023-12-29 04:08:08.191 [warning] [Decorations] CAPPING events from decorations provider vscode.git 403
2023-12-29 04:08:13.237 [warning] [Decorations] CAPPING events from decorations provider vscode.git 403
2023-12-29 04:08:18.274 [warning] [Decorations] CAPPING events from decorations provider vscode.git 403
2023-12-29 04:08:23.315 [warning] [Decorations] CAPPING events from decorations provider vscode.git 404
2023-12-29 04:08:28.363 [warning] [Decorations] CAPPING events from decorations provider vscode.git 403
2023-12-29 04:08:33.399 [warning] [Decorations] CAPPING events from decorations provider vscode.git 403
2023-12-29 04:08:38.438 [warning] [Decorations] CAPPING events from decorations provider vscode.git 403
2023-12-29 04:08:43.483 [warning] [Decorations] CAPPING events from decorations provider vscode.git 403
2023-12-29 04:08:48.520 [warning] [Decorations] CAPPING events from decorations provider vscode.git 403
2023-12-29 04:08:53.560 [warning] [Decorations] CAPPING events from decorations provider vscode.git 403
2023-12-29 04:08:58.604 [warning] [Decorations] CAPPING events from decorations provider vscode.git 403
2023-12-29 04:09:03.640 [warning] [Decorations] CAPPING events from decorations provider vscode.git 404
2023-12-29 04:09:08.677 [warning] [Decorations] CAPPING events from decorations provider vscode.git 404
2023-12-29 04:09:43.854 [warning] [Decorations] CAPPING events from decorations provider vscode.git 405
2023-12-29 04:09:48.906 [warning] [Decorations] CAPPING events from decorations provider vscode.git 405
2023-12-29 04:09:53.943 [warning] [Decorations] CAPPING events from decorations provider vscode.git 405
2023-12-29 04:09:58.981 [warning] [Decorations] CAPPING events from decorations provider vscode.git 405
2023-12-29 04:10:04.021 [warning] [Decorations] CAPPING events from decorations provider vscode.git 401
2023-12-29 04:12:13.873 [warning] [Decorations] CAPPING events from decorations provider vscode.git 401
2023-12-29 04:12:18.929 [warning] [Decorations] CAPPING events from decorations provider vscode.git 401
2023-12-29 04:12:23.971 [warning] [Decorations] CAPPING events from decorations provider vscode.git 401
2023-12-29 05:06:25.107 [warning] [Decorations] CAPPING events from decorations provider vscode.git 402
2023-12-29 05:06:30.173 [warning] [Decorations] CAPPING events from decorations provider vscode.git 401
2023-12-29 05:06:35.223 [warning] [Decorations] CAPPING events from decorations provider vscode.git 401
2023-12-29 05:06:40.275 [warning] [Decorations] CAPPING events from decorations provider vscode.git 401
2023-12-29 05:06:45.354 [warning] [Decorations] CAPPING events from decorations provider vscode.git 401
2023-12-29 05:06:50.413 [warning] [Decorations] CAPPING events from decorations provider vscode.git 401
2023-12-29 05:06:55.460 [warning] [Decorations] CAPPING events from decorations provider vscode.git 401
2023-12-29 05:07:00.511 [warning] [Decorations] CAPPING events from decorations provider vscode.git 401
2023-12-29 05:07:05.564 [warning] [Decorations] CAPPING events from decorations provider vscode.git 401
2023-12-29 05:07:10.616 [warning] [Decorations] CAPPING events from decorations provider vscode.git 401
2023-12-29 05:07:15.672 [warning] [Decorations] CAPPING events from decorations provider vscode.git 401
2023-12-29 05:07:49.892 [warning] [Decorations] CAPPING events from decorations provider vscode.git 401
2023-12-29 05:07:54.942 [warning] [Decorations] CAPPING events from decorations provider vscode.git 401
2023-12-29 05:07:59.990 [warning] [Decorations] CAPPING events from decorations provider vscode.git 401
2023-12-29 05:08:05.041 [warning] [Decorations] CAPPING events from decorations provider vscode.git 401
2023-12-29 05:08:10.095 [warning] [Decorations] CAPPING events from decorations provider vscode.git 401
2023-12-29 05:08:15.147 [warning] [Decorations] CAPPING events from decorations provider vscode.git 401
2023-12-29 05:08:20.198 [warning] [Decorations] CAPPING events from decorations provider vscode.git 401
2023-12-29 05:08:25.247 [warning] [Decorations] CAPPING events from decorations provider vscode.git 401
2023-12-29 05:08:30.295 [warning] [Decorations] CAPPING events from decorations provider vscode.git 401
2023-12-29 05:08:35.348 [warning] [Decorations] CAPPING events from decorations provider vscode.git 401
2023-12-29 05:08:40.403 [warning] [Decorations] CAPPING events from decorations provider vscode.git 401
2023-12-29 05:08:45.455 [warning] [Decorations] CAPPING events from decorations provider vscode.git 401
2023-12-29 05:08:50.507 [warning] [Decorations] CAPPING events from decorations provider vscode.git 401
2023-12-29 05:08:55.560 [warning] [Decorations] CAPPING events from decorations provider vscode.git 401
2023-12-29 05:09:00.602 [warning] [Decorations] CAPPING events from decorations provider vscode.git 401
2023-12-29 05:09:05.654 [warning] [Decorations] CAPPING events from decorations provider vscode.git 401
2023-12-29 05:09:10.707 [warning] [Decorations] CAPPING events from decorations provider vscode.git 401
2023-12-29 05:09:15.751 [warning] [Decorations] CAPPING events from decorations provider vscode.git 401
2023-12-29 05:09:20.803 [warning] [Decorations] CAPPING events from decorations provider vscode.git 401
2023-12-29 05:09:25.861 [warning] [Decorations] CAPPING events from decorations provider vscode.git 401
2023-12-29 05:09:30.914 [warning] [Decorations] CAPPING events from decorations provider vscode.git 401
2023-12-29 05:09:35.960 [warning] [Decorations] CAPPING events from decorations provider vscode.git 401
2023-12-29 05:09:41.016 [warning] [Decorations] CAPPING events from decorations provider vscode.git 401
2023-12-29 05:09:46.072 [warning] [Decorations] CAPPING events from decorations provider vscode.git 401
2023-12-29 05:09:51.125 [warning] [Decorations] CAPPING events from decorations provider vscode.git 401
2023-12-29 05:09:56.173 [warning] [Decorations] CAPPING events from decorations provider vscode.git 401
2023-12-29 05:10:01.226 [warning] [Decorations] CAPPING events from decorations provider vscode.git 401
2023-12-29 05:10:06.277 [warning] [Decorations] CAPPING events from decorations provider vscode.git 401
2023-12-29 05:10:11.329 [warning] [Decorations] CAPPING events from decorations provider vscode.git 401
2023-12-29 05:10:16.374 [warning] [Decorations] CAPPING events from decorations provider vscode.git 401
2023-12-29 05:10:21.427 [warning] [Decorations] CAPPING events from decorations provider vscode.git 401
2023-12-29 05:10:26.476 [warning] [Decorations] CAPPING events from decorations provider vscode.git 401
2023-12-29 05:10:31.529 [warning] [Decorations] CAPPING events from decorations provider vscode.git 401
2023-12-29 05:10:36.576 [warning] [Decorations] CAPPING events from decorations provider vscode.git 401
2023-12-29 05:10:41.616 [warning] [Decorations] CAPPING events from decorations provider vscode.git 402
2023-12-29 05:10:46.661 [warning] [Decorations] CAPPING events from decorations provider vscode.git 402
2023-12-29 05:10:51.701 [warning] [Decorations] CAPPING events from decorations provider vscode.git 402
2023-12-29 05:10:56.766 [warning] [Decorations] CAPPING events from decorations provider vscode.git 402
2023-12-29 05:12:18.332 [warning] [Decorations] CAPPING events from decorations provider vscode.git 402
2023-12-29 05:12:23.389 [warning] [Decorations] CAPPING events from decorations provider vscode.git 402
2023-12-29 05:12:28.456 [warning] [Decorations] CAPPING events from decorations provider vscode.git 402
2023-12-29 05:12:33.509 [warning] [Decorations] CAPPING events from decorations provider vscode.git 402
2023-12-29 05:12:38.563 [warning] [Decorations] CAPPING events from decorations provider vscode.git 404
2023-12-29 05:12:43.604 [warning] [Decorations] CAPPING events from decorations provider vscode.git 403
2023-12-29 05:12:48.664 [warning] [Decorations] CAPPING events from decorations provider vscode.git 404
2023-12-29 05:12:53.720 [warning] [Decorations] CAPPING events from decorations provider vscode.git 403
2023-12-29 05:12:58.770 [warning] [Decorations] CAPPING events from decorations provider vscode.git 403
2023-12-29 05:13:03.820 [warning] [Decorations] CAPPING events from decorations provider vscode.git 403
2023-12-29 05:13:08.871 [warning] [Decorations] CAPPING events from decorations provider vscode.git 403
2023-12-29 05:13:13.924 [warning] [Decorations] CAPPING events from decorations provider vscode.git 403
2023-12-29 05:13:18.973 [warning] [Decorations] CAPPING events from decorations provider vscode.git 403
2023-12-29 05:13:24.026 [warning] [Decorations] CAPPING events from decorations provider vscode.git 403
2023-12-29 05:13:29.076 [warning] [Decorations] CAPPING events from decorations provider vscode.git 403
2023-12-29 05:13:34.128 [warning] [Decorations] CAPPING events from decorations provider vscode.git 403
2023-12-29 05:13:39.184 [warning] [Decorations] CAPPING events from decorations provider vscode.git 403
2023-12-29 05:13:44.238 [warning] [Decorations] CAPPING events from decorations provider vscode.git 403
2023-12-29 05:13:49.293 [warning] [Decorations] CAPPING events from decorations provider vscode.git 403
2023-12-29 05:13:54.345 [warning] [Decorations] CAPPING events from decorations provider vscode.git 403
2023-12-29 05:13:59.398 [warning] [Decorations] CAPPING events from decorations provider vscode.git 403
2023-12-29 05:14:04.446 [warning] [Decorations] CAPPING events from decorations provider vscode.git 403
2023-12-29 05:14:09.499 [warning] [Decorations] CAPPING events from decorations provider vscode.git 403
2023-12-29 05:14:14.554 [warning] [Decorations] CAPPING events from decorations provider vscode.git 403
2023-12-29 05:14:19.608 [warning] [Decorations] CAPPING events from decorations provider vscode.git 403
2023-12-29 05:14:24.653 [warning] [Decorations] CAPPING events from decorations provider vscode.git 403
2023-12-29 05:14:29.706 [warning] [Decorations] CAPPING events from decorations provider vscode.git 403
2023-12-29 05:14:34.761 [warning] [Decorations] CAPPING events from decorations provider vscode.git 403
2023-12-29 05:14:39.812 [warning] [Decorations] CAPPING events from decorations provider vscode.git 403
2023-12-29 05:14:44.863 [warning] [Decorations] CAPPING events from decorations provider vscode.git 403
2023-12-29 05:14:49.915 [warning] [Decorations] CAPPING events from decorations provider vscode.git 403
2023-12-29 05:14:54.966 [warning] [Decorations] CAPPING events from decorations provider vscode.git 403
2023-12-29 05:15:00.016 [warning] [Decorations] CAPPING events from decorations provider vscode.git 403
2023-12-29 05:15:05.066 [warning] [Decorations] CAPPING events from decorations provider vscode.git 403
2023-12-29 05:15:10.120 [warning] [Decorations] CAPPING events from decorations provider vscode.git 403
2023-12-29 05:15:15.174 [warning] [Decorations] CAPPING events from decorations provider vscode.git 403
2023-12-29 05:15:20.231 [warning] [Decorations] CAPPING events from decorations provider vscode.git 403
2023-12-29 05:15:25.286 [warning] [Decorations] CAPPING events from decorations provider vscode.git 403
2023-12-29 05:15:30.326 [warning] [Decorations] CAPPING events from decorations provider vscode.git 403
2023-12-29 05:15:35.374 [warning] [Decorations] CAPPING events from decorations provider vscode.git 403
2023-12-29 05:15:40.416 [warning] [Decorations] CAPPING events from decorations provider vscode.git 403
2023-12-29 05:15:45.475 [warning] [Decorations] CAPPING events from decorations provider vscode.git 403
2023-12-29 05:15:50.515 [warning] [Decorations] CAPPING events from decorations provider vscode.git 403
2023-12-29 05:15:55.567 [warning] [Decorations] CAPPING events from decorations provider vscode.git 403
2023-12-29 05:16:00.619 [warning] [Decorations] CAPPING events from decorations provider vscode.git 403
2023-12-29 05:16:05.671 [warning] [Decorations] CAPPING events from decorations provider vscode.git 403
2023-12-29 05:16:10.729 [warning] [Decorations] CAPPING events from decorations provider vscode.git 403
2023-12-29 05:16:15.783 [warning] [Decorations] CAPPING events from decorations provider vscode.git 403
2023-12-29 05:16:20.840 [warning] [Decorations] CAPPING events from decorations provider vscode.git 403
2023-12-29 05:16:25.898 [warning] [Decorations] CAPPING events from decorations provider vscode.git 403
2023-12-29 05:16:30.951 [warning] [Decorations] CAPPING events from decorations provider vscode.git 403
2023-12-29 05:16:36.014 [warning] [Decorations] CAPPING events from decorations provider vscode.git 403
2023-12-29 05:16:41.067 [warning] [Decorations] CAPPING events from decorations provider vscode.git 403
2023-12-29 05:16:46.120 [warning] [Decorations] CAPPING events from decorations provider vscode.git 403
2023-12-29 05:16:51.165 [warning] [Decorations] CAPPING events from decorations provider vscode.git 403
2023-12-29 05:16:56.211 [warning] [Decorations] CAPPING events from decorations provider vscode.git 403
2023-12-29 05:17:01.259 [warning] [Decorations] CAPPING events from decorations provider vscode.git 403
2023-12-29 05:17:06.311 [warning] [Decorations] CAPPING events from decorations provider vscode.git 403
2023-12-29 05:17:11.364 [warning] [Decorations] CAPPING events from decorations provider vscode.git 403
2023-12-29 05:17:16.409 [warning] [Decorations] CAPPING events from decorations provider vscode.git 403
2023-12-29 05:17:21.461 [warning] [Decorations] CAPPING events from decorations provider vscode.git 403
2023-12-29 05:17:26.508 [warning] [Decorations] CAPPING events from decorations provider vscode.git 403
2023-12-29 05:17:31.558 [warning] [Decorations] CAPPING events from decorations provider vscode.git 403
2023-12-29 05:17:36.612 [warning] [Decorations] CAPPING events from decorations provider vscode.git 403
2023-12-29 05:17:41.665 [warning] [Decorations] CAPPING events from decorations provider vscode.git 404
2023-12-29 05:17:46.719 [warning] [Decorations] CAPPING events from decorations provider vscode.git 404
2023-12-29 05:17:51.771 [warning] [Decorations] CAPPING events from decorations provider vscode.git 404
2023-12-29 05:17:56.819 [warning] [Decorations] CAPPING events from decorations provider vscode.git 404
2023-12-29 05:18:01.872 [warning] [Decorations] CAPPING events from decorations provider vscode.git 404
2023-12-29 05:18:06.930 [warning] [Decorations] CAPPING events from decorations provider vscode.git 404
2023-12-29 05:18:11.970 [warning] [Decorations] CAPPING events from decorations provider vscode.git 404
2023-12-29 05:18:17.012 [warning] [Decorations] CAPPING events from decorations provider vscode.git 404
2023-12-29 05:18:22.052 [warning] [Decorations] CAPPING events from decorations provider vscode.git 404
2023-12-29 05:18:27.095 [warning] [Decorations] CAPPING events from decorations provider vscode.git 404
2023-12-29 05:18:32.145 [warning] [Decorations] CAPPING events from decorations provider vscode.git 404
2023-12-29 05:18:37.202 [warning] [Decorations] CAPPING events from decorations provider vscode.git 404
2023-12-29 05:18:42.257 [warning] [Decorations] CAPPING events from decorations provider vscode.git 404
2023-12-29 05:18:47.312 [warning] [Decorations] CAPPING events from decorations provider vscode.git 404
2023-12-29 05:18:52.361 [warning] [Decorations] CAPPING events from decorations provider vscode.git 404
2023-12-29 05:18:57.411 [warning] [Decorations] CAPPING events from decorations provider vscode.git 404
2023-12-29 05:19:02.463 [warning] [Decorations] CAPPING events from decorations provider vscode.git 404
2023-12-29 05:19:07.515 [warning] [Decorations] CAPPING events from decorations provider vscode.git 404
2023-12-29 05:19:12.567 [warning] [Decorations] CAPPING events from decorations provider vscode.git 404
2023-12-29 05:19:17.619 [warning] [Decorations] CAPPING events from decorations provider vscode.git 404
2023-12-29 05:19:22.666 [warning] [Decorations] CAPPING events from decorations provider vscode.git 404
2023-12-29 05:19:27.726 [warning] [Decorations] CAPPING events from decorations provider vscode.git 404
2023-12-29 05:19:32.778 [warning] [Decorations] CAPPING events from decorations provider vscode.git 404
2023-12-29 05:19:37.834 [warning] [Decorations] CAPPING events from decorations provider vscode.git 404
2023-12-29 05:19:42.892 [warning] [Decorations] CAPPING events from decorations provider vscode.git 404
2023-12-29 05:19:47.944 [warning] [Decorations] CAPPING events from decorations provider vscode.git 404
2023-12-29 05:19:52.992 [warning] [Decorations] CAPPING events from decorations provider vscode.git 404
2023-12-29 05:19:58.044 [warning] [Decorations] CAPPING events from decorations provider vscode.git 404
2023-12-29 05:20:03.095 [warning] [Decorations] CAPPING events from decorations provider vscode.git 404
2023-12-29 05:20:08.149 [warning] [Decorations] CAPPING events from decorations provider vscode.git 404
2023-12-29 05:20:13.207 [warning] [Decorations] CAPPING events from decorations provider vscode.git 404
2023-12-29 05:20:18.266 [warning] [Decorations] CAPPING events from decorations provider vscode.git 404
2023-12-29 05:20:23.319 [warning] [Decorations] CAPPING events from decorations provider vscode.git 404
2023-12-29 05:20:28.373 [warning] [Decorations] CAPPING events from decorations provider vscode.git 404
2023-12-29 05:20:33.427 [warning] [Decorations] CAPPING events from decorations provider vscode.git 404
2023-12-29 05:20:38.482 [warning] [Decorations] CAPPING events from decorations provider vscode.git 404
2023-12-29 05:20:43.535 [warning] [Decorations] CAPPING events from decorations provider vscode.git 404
2023-12-29 05:20:48.587 [warning] [Decorations] CAPPING events from decorations provider vscode.git 404
2023-12-29 05:20:53.645 [warning] [Decorations] CAPPING events from decorations provider vscode.git 404
2023-12-29 05:20:58.699 [warning] [Decorations] CAPPING events from decorations provider vscode.git 404
2023-12-29 05:21:03.758 [warning] [Decorations] CAPPING events from decorations provider vscode.git 404
2023-12-29 05:21:08.815 [warning] [Decorations] CAPPING events from decorations provider vscode.git 404
2023-12-29 05:21:13.866 [warning] [Decorations] CAPPING events from decorations provider vscode.git 404
2023-12-29 05:21:18.919 [warning] [Decorations] CAPPING events from decorations provider vscode.git 404
2023-12-29 05:21:23.969 [warning] [Decorations] CAPPING events from decorations provider vscode.git 404
2023-12-29 05:21:29.031 [warning] [Decorations] CAPPING events from decorations provider vscode.git 404
2023-12-29 05:21:34.088 [warning] [Decorations] CAPPING events from decorations provider vscode.git 404
2023-12-29 05:21:39.138 [warning] [Decorations] CAPPING events from decorations provider vscode.git 404
2023-12-29 05:21:44.193 [warning] [Decorations] CAPPING events from decorations provider vscode.git 404
2023-12-29 05:21:49.250 [warning] [Decorations] CAPPING events from decorations provider vscode.git 404
2023-12-29 05:21:54.303 [warning] [Decorations] CAPPING events from decorations provider vscode.git 404
2023-12-29 05:21:59.353 [warning] [Decorations] CAPPING events from decorations provider vscode.git 404
2023-12-29 05:22:04.404 [warning] [Decorations] CAPPING events from decorations provider vscode.git 404
2023-12-29 05:22:09.453 [warning] [Decorations] CAPPING events from decorations provider vscode.git 404
2023-12-29 05:22:14.495 [warning] [Decorations] CAPPING events from decorations provider vscode.git 404
2023-12-29 05:22:19.547 [warning] [Decorations] CAPPING events from decorations provider vscode.git 404
2023-12-29 05:22:24.595 [warning] [Decorations] CAPPING events from decorations provider vscode.git 404
2023-12-29 05:22:29.646 [warning] [Decorations] CAPPING events from decorations provider vscode.git 404
2023-12-29 05:22:34.697 [warning] [Decorations] CAPPING events from decorations provider vscode.git 404
2023-12-29 05:22:39.754 [warning] [Decorations] CAPPING events from decorations provider vscode.git 404
2023-12-29 05:22:44.806 [warning] [Decorations] CAPPING events from decorations provider vscode.git 404
2023-12-29 05:22:49.858 [warning] [Decorations] CAPPING events from decorations provider vscode.git 404
2023-12-29 05:22:54.911 [warning] [Decorations] CAPPING events from decorations provider vscode.git 404
2023-12-29 05:22:59.960 [warning] [Decorations] CAPPING events from decorations provider vscode.git 404
2023-12-29 05:23:05.014 [warning] [Decorations] CAPPING events from decorations provider vscode.git 404
2023-12-29 05:23:10.067 [warning] [Decorations] CAPPING events from decorations provider vscode.git 404
2023-12-29 05:23:15.119 [warning] [Decorations] CAPPING events from decorations provider vscode.git 404
2023-12-29 05:23:20.173 [warning] [Decorations] CAPPING events from decorations provider vscode.git 404
2023-12-29 05:23:25.223 [warning] [Decorations] CAPPING events from decorations provider vscode.git 404
2023-12-29 05:23:30.275 [warning] [Decorations] CAPPING events from decorations provider vscode.git 404
2023-12-29 05:23:35.326 [warning] [Decorations] CAPPING events from decorations provider vscode.git 404
2023-12-29 05:23:40.378 [warning] [Decorations] CAPPING events from decorations provider vscode.git 404
2023-12-29 05:23:45.432 [warning] [Decorations] CAPPING events from decorations provider vscode.git 404
2023-12-29 05:23:50.484 [warning] [Decorations] CAPPING events from decorations provider vscode.git 404
2023-12-29 05:23:55.536 [warning] [Decorations] CAPPING events from decorations provider vscode.git 404
2023-12-29 05:24:00.586 [warning] [Decorations] CAPPING events from decorations provider vscode.git 404
2023-12-29 05:24:05.640 [warning] [Decorations] CAPPING events from decorations provider vscode.git 404
2023-12-29 05:24:10.696 [warning] [Decorations] CAPPING events from decorations provider vscode.git 404
2023-12-29 05:24:15.752 [warning] [Decorations] CAPPING events from decorations provider vscode.git 404
2023-12-29 05:24:20.804 [warning] [Decorations] CAPPING events from decorations provider vscode.git 404
2023-12-29 05:24:25.844 [warning] [Decorations] CAPPING events from decorations provider vscode.git 404
2023-12-29 05:24:30.888 [warning] [Decorations] CAPPING events from decorations provider vscode.git 404
2023-12-29 05:24:35.926 [warning] [Decorations] CAPPING events from decorations provider vscode.git 404
2023-12-29 05:24:40.973 [warning] [Decorations] CAPPING events from decorations provider vscode.git 404
2023-12-29 05:24:46.024 [warning] [Decorations] CAPPING events from decorations provider vscode.git 405
2023-12-29 05:24:51.080 [warning] [Decorations] CAPPING events from decorations provider vscode.git 405
2023-12-29 05:24:56.133 [warning] [Decorations] CAPPING events from decorations provider vscode.git 405
2023-12-29 05:25:01.180 [warning] [Decorations] CAPPING events from decorations provider vscode.git 405
2023-12-29 05:25:06.230 [warning] [Decorations] CAPPING events from decorations provider vscode.git 405
2023-12-29 05:25:11.286 [warning] [Decorations] CAPPING events from decorations provider vscode.git 406
2023-12-29 05:25:16.342 [warning] [Decorations] CAPPING events from decorations provider vscode.git 405
2023-12-29 05:25:21.400 [warning] [Decorations] CAPPING events from decorations provider vscode.git 405
2023-12-29 05:25:26.469 [warning] [Decorations] CAPPING events from decorations provider vscode.git 405
2023-12-29 05:25:31.521 [warning] [Decorations] CAPPING events from decorations provider vscode.git 405
2023-12-29 05:25:36.568 [warning] [Decorations] CAPPING events from decorations provider vscode.git 406
2023-12-29 05:25:41.617 [warning] [Decorations] CAPPING events from decorations provider vscode.git 406
2023-12-29 05:25:46.671 [warning] [Decorations] CAPPING events from decorations provider vscode.git 406
2023-12-29 05:25:51.728 [warning] [Decorations] CAPPING events from decorations provider vscode.git 406
2023-12-29 05:25:56.778 [warning] [Decorations] CAPPING events from decorations provider vscode.git 407
2023-12-29 05:26:01.834 [warning] [Decorations] CAPPING events from decorations provider vscode.git 407
2023-12-29 05:26:06.887 [warning] [Decorations] CAPPING events from decorations provider vscode.git 406
2023-12-29 05:26:11.950 [warning] [Decorations] CAPPING events from decorations provider vscode.git 406
2023-12-29 05:26:19.358 [warning] [Decorations] CAPPING events from decorations provider vscode.git 406
2023-12-29 05:26:27.152 [warning] [Decorations] CAPPING events from decorations provider vscode.git 407
2023-12-29 05:26:32.207 [warning] [Decorations] CAPPING events from decorations provider vscode.git 406
2023-12-29 05:26:58.252 [warning] [Decorations] CAPPING events from decorations provider vscode.git 406
2023-12-29 05:27:03.304 [warning] [Decorations] CAPPING events from decorations provider vscode.git 406
2023-12-29 05:27:08.365 [warning] [Decorations] CAPPING events from decorations provider vscode.git 406
2023-12-29 05:27:13.417 [warning] [Decorations] CAPPING events from decorations provider vscode.git 406
2023-12-29 05:27:18.475 [warning] [Decorations] CAPPING events from decorations provider vscode.git 406
2023-12-29 05:27:23.533 [warning] [Decorations] CAPPING events from decorations provider vscode.git 406
2023-12-29 05:27:28.581 [warning] [Decorations] CAPPING events from decorations provider vscode.git 406
2023-12-29 05:27:33.634 [warning] [Decorations] CAPPING events from decorations provider vscode.git 406
2023-12-29 05:27:38.681 [warning] [Decorations] CAPPING events from decorations provider vscode.git 406
2023-12-29 05:27:43.765 [warning] [Decorations] CAPPING events from decorations provider vscode.git 406
2023-12-29 05:28:13.944 [warning] [Decorations] CAPPING events from decorations provider vscode.git 406
2023-12-29 05:28:19.005 [warning] [Decorations] CAPPING events from decorations provider vscode.git 406
2023-12-29 05:28:29.891 [warning] [Decorations] CAPPING events from decorations provider vscode.git 407
2023-12-29 05:30:35.453 [warning] [Decorations] CAPPING events from decorations provider vscode.git 408
2023-12-29 05:30:40.508 [warning] [Decorations] CAPPING events from decorations provider vscode.git 407
2023-12-29 05:30:45.567 [warning] [Decorations] CAPPING events from decorations provider vscode.git 407
2023-12-29 05:30:50.622 [warning] [Decorations] CAPPING events from decorations provider vscode.git 407
2023-12-29 05:30:55.667 [warning] [Decorations] CAPPING events from decorations provider vscode.git 407
2023-12-29 05:31:00.716 [warning] [Decorations] CAPPING events from decorations provider vscode.git 408
2023-12-29 05:31:05.772 [warning] [Decorations] CAPPING events from decorations provider vscode.git 408
2023-12-29 05:31:10.820 [warning] [Decorations] CAPPING events from decorations provider vscode.git 408
2023-12-29 05:31:15.875 [warning] [Decorations] CAPPING events from decorations provider vscode.git 408
2023-12-29 05:31:37.562 [warning] [Decorations] CAPPING events from decorations provider vscode.git 409
2023-12-29 05:31:42.618 [warning] [Decorations] CAPPING events from decorations provider vscode.git 408
2023-12-29 05:31:47.669 [warning] [Decorations] CAPPING events from decorations provider vscode.git 408
2023-12-29 05:31:52.721 [warning] [Decorations] CAPPING events from decorations provider vscode.git 409
2023-12-29 05:31:57.782 [warning] [Decorations] CAPPING events from decorations provider vscode.git 409
2023-12-29 05:32:02.841 [warning] [Decorations] CAPPING events from decorations provider vscode.git 409
2023-12-29 05:32:07.891 [warning] [Decorations] CAPPING events from decorations provider vscode.git 409
2023-12-29 05:32:12.950 [warning] [Decorations] CAPPING events from decorations provider vscode.git 409
2023-12-29 05:32:17.999 [warning] [Decorations] CAPPING events from decorations provider vscode.git 409
2023-12-29 05:32:23.062 [warning] [Decorations] CAPPING events from decorations provider vscode.git 409
2023-12-29 05:32:28.102 [warning] [Decorations] CAPPING events from decorations provider vscode.git 409
2023-12-29 05:32:33.157 [warning] [Decorations] CAPPING events from decorations provider vscode.git 409
2023-12-29 05:32:38.212 [warning] [Decorations] CAPPING events from decorations provider vscode.git 409
2023-12-29 05:32:43.263 [warning] [Decorations] CAPPING events from decorations provider vscode.git 409
2023-12-29 05:32:48.312 [warning] [Decorations] CAPPING events from decorations provider vscode.git 409
2023-12-29 05:32:53.361 [warning] [Decorations] CAPPING events from decorations provider vscode.git 410
2023-12-29 05:32:58.423 [warning] [Decorations] CAPPING events from decorations provider vscode.git 410
2023-12-29 05:33:03.476 [warning] [Decorations] CAPPING events from decorations provider vscode.git 410
2023-12-29 05:33:08.524 [warning] [Decorations] CAPPING events from decorations provider vscode.git 410
2023-12-29 05:33:13.571 [warning] [Decorations] CAPPING events from decorations provider vscode.git 410
2023-12-29 05:33:18.634 [warning] [Decorations] CAPPING events from decorations provider vscode.git 410
2023-12-29 05:33:23.686 [warning] [Decorations] CAPPING events from decorations provider vscode.git 410
2023-12-29 05:33:28.749 [warning] [Decorations] CAPPING events from decorations provider vscode.git 410
2023-12-29 05:33:33.811 [warning] [Decorations] CAPPING events from decorations provider vscode.git 410
2023-12-29 05:33:38.859 [warning] [Decorations] CAPPING events from decorations provider vscode.git 410
2023-12-29 05:33:43.914 [warning] [Decorations] CAPPING events from decorations provider vscode.git 410
2023-12-29 05:34:38.998 [warning] [Decorations] CAPPING events from decorations provider vscode.git 412
2023-12-29 05:34:55.459 [warning] [Decorations] CAPPING events from decorations provider vscode.git 411
2023-12-29 05:35:00.517 [warning] [Decorations] CAPPING events from decorations provider vscode.git 411
2023-12-29 05:35:05.567 [warning] [Decorations] CAPPING events from decorations provider vscode.git 411
2023-12-29 05:35:10.630 [warning] [Decorations] CAPPING events from decorations provider vscode.git 411
2023-12-29 05:35:15.690 [warning] [Decorations] CAPPING events from decorations provider vscode.git 411
2023-12-29 05:35:20.741 [warning] [Decorations] CAPPING events from decorations provider vscode.git 411
2023-12-29 05:35:25.791 [warning] [Decorations] CAPPING events from decorations provider vscode.git 411
2023-12-29 05:35:30.835 [warning] [Decorations] CAPPING events from decorations provider vscode.git 411
2023-12-29 05:35:35.885 [warning] [Decorations] CAPPING events from decorations provider vscode.git 411
2023-12-29 05:35:40.932 [warning] [Decorations] CAPPING events from decorations provider vscode.git 411
2023-12-29 05:35:45.975 [warning] [Decorations] CAPPING events from decorations provider vscode.git 411
2023-12-29 05:35:51.036 [warning] [Decorations] CAPPING events from decorations provider vscode.git 411
2023-12-29 05:35:56.088 [warning] [Decorations] CAPPING events from decorations provider vscode.git 411
2023-12-29 05:36:07.638 [warning] [Decorations] CAPPING events from decorations provider vscode.git 412
2023-12-29 05:36:12.710 [warning] [Decorations] CAPPING events from decorations provider vscode.git 411
2023-12-29 05:36:24.088 [warning] [Decorations] CAPPING events from decorations provider vscode.git 412
2023-12-29 05:37:49.919 [warning] [Decorations] CAPPING events from decorations provider vscode.git 413
2023-12-29 05:37:54.992 [warning] [Decorations] CAPPING events from decorations provider vscode.git 413
2023-12-29 05:38:15.638 [warning] [Decorations] CAPPING events from decorations provider vscode.git 413
2023-12-29 05:38:26.040 [warning] [Decorations] CAPPING events from decorations provider vscode.git 413
2023-12-29 05:38:47.670 [warning] [Decorations] CAPPING events from decorations provider vscode.git 413
2023-12-29 05:38:52.729 [warning] [Decorations] CAPPING events from decorations provider vscode.git 413
2023-12-29 05:38:57.786 [warning] [Decorations] CAPPING events from decorations provider vscode.git 413
2023-12-29 05:39:02.839 [warning] [Decorations] CAPPING events from decorations provider vscode.git 413
2023-12-29 05:39:07.896 [warning] [Decorations] CAPPING events from decorations provider vscode.git 413
2023-12-29 05:39:12.950 [warning] [Decorations] CAPPING events from decorations provider vscode.git 413
2023-12-29 05:39:18.011 [warning] [Decorations] CAPPING events from decorations provider vscode.git 413
2023-12-29 05:39:23.090 [warning] [Decorations] CAPPING events from decorations provider vscode.git 413
2023-12-29 05:39:37.565 [warning] [Decorations] CAPPING events from decorations provider vscode.git 413
2023-12-29 05:40:16.297 [warning] [Decorations] CAPPING events from decorations provider vscode.git 414
2023-12-29 05:40:21.357 [warning] [Decorations] CAPPING events from decorations provider vscode.git 413
2023-12-29 05:40:26.410 [warning] [Decorations] CAPPING events from decorations provider vscode.git 413
2023-12-29 05:40:31.455 [warning] [Decorations] CAPPING events from decorations provider vscode.git 413
2023-12-29 05:40:36.511 [warning] [Decorations] CAPPING events from decorations provider vscode.git 413
2023-12-29 05:40:41.563 [warning] [Decorations] CAPPING events from decorations provider vscode.git 413
2023-12-29 05:40:46.622 [warning] [Decorations] CAPPING events from decorations provider vscode.git 413
2023-12-29 05:40:51.674 [warning] [Decorations] CAPPING events from decorations provider vscode.git 413
2023-12-29 05:40:56.732 [warning] [Decorations] CAPPING events from decorations provider vscode.git 413
2023-12-29 05:41:01.782 [warning] [Decorations] CAPPING events from decorations provider vscode.git 413
2023-12-29 05:41:10.485 [warning] [Decorations] CAPPING events from decorations provider vscode.git 413
2023-12-29 05:41:15.551 [warning] [Decorations] CAPPING events from decorations provider vscode.git 413
2023-12-29 05:41:20.609 [warning] [Decorations] CAPPING events from decorations provider vscode.git 413
2023-12-29 05:41:27.018 [warning] [Decorations] CAPPING events from decorations provider vscode.git 413
2023-12-29 05:41:32.070 [warning] [Decorations] CAPPING events from decorations provider vscode.git 413
2023-12-29 05:41:37.123 [warning] [Decorations] CAPPING events from decorations provider vscode.git 413
2023-12-29 05:41:42.178 [warning] [Decorations] CAPPING events from decorations provider vscode.git 413
2023-12-29 05:41:47.234 [warning] [Decorations] CAPPING events from decorations provider vscode.git 413
2023-12-29 05:41:52.285 [warning] [Decorations] CAPPING events from decorations provider vscode.git 413
2023-12-29 05:41:57.336 [warning] [Decorations] CAPPING events from decorations provider vscode.git 413
2023-12-29 05:42:02.393 [warning] [Decorations] CAPPING events from decorations provider vscode.git 413
2023-12-29 05:42:07.443 [warning] [Decorations] CAPPING events from decorations provider vscode.git 413
2023-12-29 05:42:12.494 [warning] [Decorations] CAPPING events from decorations provider vscode.git 413
2023-12-29 05:46:46.323 [warning] [Decorations] CAPPING events from decorations provider vscode.git 414
2023-12-29 06:18:52.652 [warning] [Decorations] CAPPING events from decorations provider vscode.git 417
2023-12-29 06:18:57.708 [warning] [Decorations] CAPPING events from decorations provider vscode.git 417
2023-12-29 06:19:02.769 [warning] [Decorations] CAPPING events from decorations provider vscode.git 417
2023-12-29 06:19:07.829 [warning] [Decorations] CAPPING events from decorations provider vscode.git 417
2023-12-29 06:19:15.968 [info] ExtensionService#_doActivateExtension vscode.json-language-features, startup: false, activationEvent: 'onLanguage:jsonc'
2023-12-29 06:19:16.044 [info] ExtensionService#_doActivateExtension vscode.typescript-language-features, startup: false, activationEvent: 'onLanguage:jsonc'
2023-12-29 06:19:17.453 [warning] [Decorations] CAPPING events from decorations provider vscode.git 419
